Project:               sdp-cuts
Index Version:         114.0
Scanner Info Provider: org.eclipse.cdt.internal.core.settings.model.ScannerInfoProviderProxy
Build Configuration:   Debug
File:      file:/Users/hongbodong/workspace/Research/newbnb/sdp-cuts/CDlogdet.cpp
Context:   file:/Users/hongbodong/workspace/Research/newbnb/sdp-cuts/CDlogdet.cpp
Language:  GNU C++

Include Search Path (option -I):
   /Users/hongbodong/workspace/Research/newbnb/build/include/minotaur
   /Users/hongbodong/workspace/Research/newbnb/minotaur-0.1.1-dev-mac-x86_64/third-party
   /Users/hongbodong/workspace/Research/newbnb/minotaur-0.1.1-dev-mac-x86_64/third-party/asl-20120126
   /usr/llvm-gcc-4.2/lib/gcc/i686-apple-darwin11/4.2.1/include
   /usr/include/c++/4.2.1
   /usr/include/c++/4.2.1/backward
   /usr/local/include
   /Applications/Xcode.app/Contents/Developer/usr/llvm-gcc-4.2/lib/gcc/i686-apple-darwin11/4.2.1/include
   /usr/include

Local Include Search Path (option -iquote):

Preincluded files (option -include):

Preincluded macro files (option -imacros):

Macro definitions (option -D):
   OBJC_NEW_PROPERTIES=1
   _LP64=1
   __amd64=1
   __amd64__=1
   __APPLE_CC__=5658
   __APPLE__=1
   __block=__attribute__((__blocks__(byref)))
   __BLOCKS__=1
   __CHAR_BIT__=8
   __CONSTANT_CFSTRINGS__=1
   __cplusplus=1
   __DBL_DENORM_MIN__=4.9406564584124654e-324
   __DBL_DIG__=15
   __DBL_EPSILON__=2.2204460492503131e-16
   __DBL_HAS_DENORM__=1
   __DBL_HAS_INFINITY__=1
   __DBL_HAS_QUIET_NAN__=1
   __DBL_MANT_DIG__=53
   __DBL_MAX_10_EXP__=308
   __DBL_MAX_EXP__=1024
   __DBL_MAX__=1.7976931348623157e+308
   __DBL_MIN_10_EXP__=(-307)
   __DBL_MIN_EXP__=(-1021)
   __DBL_MIN__=2.2250738585072014e-308
   __DEC128_DEN__=0.000000000000000000000000000000001E-6143DL
   __DEC128_EPSILON__=1E-33DL
   __DEC128_MANT_DIG__=34
   __DEC128_MAX_EXP__=6144
   __DEC128_MAX__=9.999999999999999999999999999999999E6144DL
   __DEC128_MIN_EXP__=(-6143)
   __DEC128_MIN__=1E-6143DL
   __DEC32_DEN__=0.000001E-95DF
   __DEC32_EPSILON__=1E-6DF
   __DEC32_MANT_DIG__=7
   __DEC32_MAX_EXP__=96
   __DEC32_MAX__=9.999999E96DF
   __DEC32_MIN_EXP__=(-95)
   __DEC32_MIN__=1E-95DF
   __DEC64_DEN__=0.000000000000001E-383DD
   __DEC64_EPSILON__=1E-15DD
   __DEC64_MANT_DIG__=16
   __DEC64_MAX_EXP__=384
   __DEC64_MAX__=9.999999999999999E384DD
   __DEC64_MIN_EXP__=(-383)
   __DEC64_MIN__=1E-383DD
   __DECIMAL_DIG__=21
   __DEC_EVAL_METHOD__=2
   __DEPRECATED=1
   __DYNAMIC__=1
   __ENVIRONMENT_MAC_OS_X_VERSION_MIN_REQUIRED__=1074
   __EXCEPTIONS=1
   __FINITE_MATH_ONLY__=0
   __FLT_DENORM_MIN__=1.40129846e-45F
   __FLT_DIG__=6
   __FLT_EPSILON__=1.19209290e-7F
   __FLT_EVAL_METHOD__=0
   __FLT_HAS_DENORM__=1
   __FLT_HAS_INFINITY__=1
   __FLT_HAS_QUIET_NAN__=1
   __FLT_MANT_DIG__=24
   __FLT_MAX_10_EXP__=38
   __FLT_MAX_EXP__=128
   __FLT_MAX__=3.40282347e+38F
   __FLT_MIN_10_EXP__=(-37)
   __FLT_MIN_EXP__=(-125)
   __FLT_MIN__=1.17549435e-38F
   __FLT_RADIX__=2
   __GNUC_GNU_INLINE__=1
   __GNUC_MINOR__=2
   __GNUC_PATCHLEVEL__=1
   __GNUC__=4
   __GNUG__=4
   __GXX_ABI_VERSION=1002
   __GXX_WEAK__=1
   __INTMAX_MAX__=9223372036854775807L
   __INTMAX_TYPE__=long int
   __INT_MAX__=2147483647
   __k8=1
   __k8__=1
   __LDBL_DENORM_MIN__=3.64519953188247460253e-4951L
   __LDBL_DIG__=18
   __LDBL_EPSILON__=1.08420217248550443401e-19L
   __LDBL_HAS_DENORM__=1
   __LDBL_HAS_INFINITY__=1
   __LDBL_HAS_QUIET_NAN__=1
   __LDBL_MANT_DIG__=64
   __LDBL_MAX_10_EXP__=4932
   __LDBL_MAX_EXP__=16384
   __LDBL_MAX__=1.18973149535723176502e+4932L
   __LDBL_MIN_10_EXP__=(-4931)
   __LDBL_MIN_EXP__=(-16381)
   __LDBL_MIN__=3.36210314311209350626e-4932L
   __LITTLE_ENDIAN__=1
   __llvm__=1
   __LONG_LONG_MAX__=9223372036854775807LL
   __LONG_MAX__=9223372036854775807L
   __LP64__=1
   __MACH__=1
   __MMX__=1
   __NO_INLINE__=1
   __NO_MATH_INLINES=1
   __PIC__=2
   __private_extern__=extern
   __PTRDIFF_TYPE__=long int
   __REGISTER_PREFIX__=
   __SCHAR_MAX__=127
   __SHRT_MAX__=32767
   __SIZE_TYPE__=long unsigned int
   __SSE2_MATH__=1
   __SSE2__=1
   __SSE3__=1
   __SSE_MATH__=1
   __SSE__=1
   __SSP__=1
   __STDC_HOSTED__=1
   __STDC__=1
   __strong=
   __tune_core2__=1
   __UINTMAX_TYPE__=long unsigned int
   __USER_LABEL_PREFIX__=_
   __VERSION__="4.2.1 (Based on Apple Inc. build 5658) (LLVM build 2336.11.00)"
   __WCHAR_MAX__=2147483647
   __WCHAR_TYPE__=int
   __weak=__attribute__((objc_gc(weak)))
   __WINT_TYPE__=int
   __x86_64=1
   __x86_64__=1

Macro definitions (from configuration + headers in index):
   ABS(x)=(((x) > (0)) ? (x) : (-x))
   ACCESSX_MAX_DESCRIPTORS=100
   ACCESSX_MAX_TABLESIZE=(16 * 1024)
   alloca(size)=__alloca(size)
   BADSIG=SIG_ERR
   BIG_ENDIAN=__DARWIN_BIG_ENDIAN
   BUFSIZ=1024
   BUS_ADRALN=1
   BUS_ADRERR=2
   BUS_NOOP=0
   BUS_OBJERR=3
   BYTE_ORDER=__DARWIN_BYTE_ORDER
   CAST_USER_ADDR_T(a_ptr)=((user_addr_t)((uintptr_t)(a_ptr)))
   CBLAS_ENUM_DEFINED_H=
   CBLAS_H=
   CBLAS_INDEX=int
   CDLOGDET_H_=
   CLD_CONTINUED=6
   CLD_DUMPED=3
   CLD_EXITED=1
   CLD_KILLED=2
   CLD_NOOP=0
   CLD_STOPPED=5
   CLD_TRAPPED=4
   clearerr_unlocked(p)=__sclearerr(p)
   CLOCKS_PER_SEC=1000000
   CXA_RUNTIME_CXA_EXCEPTION_RETHROW()=do { __asm__ volatile(".reference " CXA_RUNTIME_TYPEDEFS); __dtrace_probe$cxa_runtime$cxa_exception_rethrow$v1(); __asm__ volatile(".reference " CXA_RUNTIME_STABILITY); } while (0)
   CXA_RUNTIME_CXA_EXCEPTION_RETHROW_ENABLED()=__dtrace_isenabled$cxa_runtime$cxa_exception_rethrow$v1()
   CXA_RUNTIME_CXA_EXCEPTION_THROW(arg0)=do { __asm__ volatile(".reference " CXA_RUNTIME_TYPEDEFS); __dtrace_probe$cxa_runtime$cxa_exception_throw$v1$766f6964202a(arg0); __asm__ volatile(".reference " CXA_RUNTIME_STABILITY); } while (0)
   CXA_RUNTIME_CXA_EXCEPTION_THROW_ENABLED()=__dtrace_isenabled$cxa_runtime$cxa_exception_throw$v1()
   CXA_RUNTIME_STABILITY="___dtrace_stability$cxa_runtime$v1$1_1_0_1_1_0_1_1_0_1_1_0_1_1_0"
   CXA_RUNTIME_TYPEDEFS="___dtrace_typedefs$cxa_runtime$v2"
   EOF=(-1)
   EXIT_FAILURE=1
   EXIT_SUCCESS=0
   FD_CLR(n,p)=__DARWIN_FD_CLR(n, p)
   FD_COPY(f,t)=__DARWIN_FD_COPY(f, t)
   FD_ISSET(n,p)=__DARWIN_FD_ISSET(n, p)
   FD_SET(n,p)=__DARWIN_FD_SET(n, p)
   FD_SETSIZE=__DARWIN_FD_SETSIZE
   FD_ZERO(p)=__DARWIN_FD_ZERO(p)
   feof_unlocked(p)=__sfeof(p)
   ferror_unlocked(p)=__sferror(p)
   FILENAME_MAX=1024
   fileno_unlocked(p)=__sfileno(p)
   FOPEN_MAX=20
   FPE_FLTDIV=1
   FPE_FLTINV=5
   FPE_FLTOVF=2
   FPE_FLTRES=4
   FPE_FLTSUB=6
   FPE_FLTUND=3
   FPE_INTDIV=7
   FPE_INTOVF=8
   FPE_NOOP=0
   fropen(cookie,fn)=funopen(cookie, fn, 0, 0, 0)
   fwopen(cookie,fn)=funopen(cookie, 0, fn, 0, 0)
   F_LOCK=1
   F_OK=0
   F_TEST=3
   F_TLOCK=2
   F_ULOCK=0
   getchar_unlocked()=getc_unlocked(stdin)
   getc_unlocked(fp)=__sgetc(fp)
   HTONL(x)=(x) = htonl((__uint32_t)x)
   htonl(x)=__DARWIN_OSSwapInt32(x)
   HTONS(x)=(x) = htons((__uint16_t)x)
   htons(x)=__DARWIN_OSSwapInt16(x)
   I386_MCONTEXT_SIZE=sizeof(struct mcontext)
   ILL_BADSTK=8
   ILL_COPROC=7
   ILL_ILLADR=5
   ILL_ILLOPC=1
   ILL_ILLOPN=4
   ILL_ILLTRP=2
   ILL_NOOP=0
   ILL_PRVOPC=3
   ILL_PRVREG=6
   IOPOL_DEFAULT=0
   IOPOL_NORMAL=1
   IOPOL_PASSIVE=2
   IOPOL_SCOPE_PROCESS=0
   IOPOL_SCOPE_THREAD=1
   IOPOL_THROTTLE=3
   IOPOL_TYPE_DISK=0
   LITTLE_ENDIAN=__DARWIN_LITTLE_ENDIAN
   L_ctermid=1024
   L_INCR=SEEK_CUR
   L_SET=SEEK_SET
   L_tmpnam=1024
   L_XTND=SEEK_END
   MAX(x,y)=(((x) > (y)) ? (x) : (y))
   MB_CUR_MAX=__mb_cur_max
   MIN(x,y)=(((x) < (y)) ? (x) : (y))
   MINSIGSTKSZ=32768
   NSIG=__DARWIN_NSIG
   NTOHL(x)=(x) = ntohl((__uint32_t)x)
   ntohl(x)=__DARWIN_OSSwapInt32(x)
   NTOHS(x)=(x) = ntohs((__uint16_t)x)
   ntohs(x)=__DARWIN_OSSwapInt16(x)
   NULL=__DARWIN_NULL
   NULL=__null
   offsetof(TYPE,MEMBER)=__builtin_offsetof (TYPE, MEMBER)
   PDP_ENDIAN=__DARWIN_PDP_ENDIAN
   POLL_ERR=4
   POLL_HUP=6
   POLL_IN=1
   POLL_MSG=3
   POLL_OUT=2
   POLL_PRI=5
   PRINT=printf
   PRINTLEVEL=0
   PRIO_DARWIN_BG=0x1000
   PRIO_DARWIN_NONUI=0x1001
   PRIO_DARWIN_PROCESS=4
   PRIO_DARWIN_THREAD=3
   PRIO_MAX=20
   PRIO_MIN=-20
   PRIO_PGRP=1
   PRIO_PROCESS=0
   PRIO_USER=2
   putchar_unlocked(x)=putc_unlocked(x, stdout)
   putc_unlocked(x,fp)=__sputc(x, fp)
   P_tmpdir="/var/tmp/"
   RAND_MAX=0x7fffffff
   RLIMIT_AS=5
   RLIMIT_CORE=4
   RLIMIT_CPU=0
   RLIMIT_DATA=2
   RLIMIT_FSIZE=1
   RLIMIT_MEMLOCK=6
   RLIMIT_NOFILE=8
   RLIMIT_NPROC=7
   RLIMIT_RSS=RLIMIT_AS
   RLIMIT_STACK=3
   RLIM_INFINITY=(((__uint64_t)1 << 63) - 1)
   RLIM_NLIMITS=9
   RLIM_SAVED_CUR=RLIM_INFINITY
   RLIM_SAVED_MAX=RLIM_INFINITY
   RUSAGE_CHILDREN=-1
   RUSAGE_SELF=0
   ru_first=ru_ixrss
   ru_last=ru_nivcsw
   R_OK=(1<<2)
   SA_64REGSET=0x0200
   sa_handler=__sigaction_u.__sa_handler
   SA_NOCLDSTOP=0x0008
   SA_NOCLDWAIT=0x0020
   SA_NODEFER=0x0010
   SA_ONSTACK=0x0001
   SA_RESETHAND=0x0004
   SA_RESTART=0x0002
   sa_sigaction=__sigaction_u.__sa_sigaction
   SA_SIGINFO=0x0040
   SA_USERSPACE_MASK=(SA_ONSTACK | SA_RESTART | SA_RESETHAND | SA_NOCLDSTOP | SA_NODEFER | SA_NOCLDWAIT | SA_SIGINFO)
   SA_USERTRAMP=0x0100
   SEEK_CUR=1
   SEEK_END=2
   SEEK_SET=0
   SEGV_ACCERR=2
   SEGV_MAPERR=1
   SEGV_NOOP=0
   SIGABRT=6
   SIGALRM=14
   SIGBUS=10
   SIGCHLD=20
   SIGCONT=19
   SIGEMT=7
   SIGEV_NONE=0
   SIGEV_SIGNAL=1
   SIGEV_THREAD=3
   SIGFPE=8
   SIGHUP=1
   SIGILL=4
   SIGINFO=29
   SIGINT=2
   SIGIO=23
   SIGIOT=SIGABRT
   SIGKILL=9
   sigmask(m)=(1 << ((m)-1))
   SIGPIPE=13
   SIGPROF=27
   SIGQUIT=3
   SIGSEGV=11
   SIGSTKSZ=131072
   SIGSTOP=17
   SIGSYS=12
   SIGTERM=15
   SIGTRAP=5
   SIGTSTP=18
   SIGTTIN=21
   SIGTTOU=22
   SIGURG=16
   SIGUSR1=30
   SIGUSR2=31
   SIGVTALRM=26
   SIGWINCH=28
   SIGXCPU=24
   SIGXFSZ=25
   SIG_BLOCK=1
   SIG_DFL=(void (*)(int))0
   SIG_ERR=((void (*)(int))-1)
   SIG_HOLD=(void (*)(int))5
   SIG_IGN=(void (*)(int))1
   SIG_SETMASK=3
   SIG_UNBLOCK=2
   SI_ASYNCIO=0x10004
   SI_MESGQ=0x10005
   SI_QUEUE=0x10002
   SI_TIMER=0x10003
   SI_USER=0x10001
   SS_DISABLE=0x0004
   SS_ONSTACK=0x0001
   STDC_HEADERS=1
   stderr=__stderrp
   STDERR_FILENO=2
   stdin=__stdinp
   STDIN_FILENO=0
   stdout=__stdoutp
   STDOUT_FILENO=1
   SV_INTERRUPT=SA_RESTART
   SV_NOCLDSTOP=SA_NOCLDSTOP
   SV_NODEFER=SA_NODEFER
   SV_ONSTACK=SA_ONSTACK
   sv_onstack=sv_flags
   SV_RESETHAND=SA_RESETHAND
   SV_SIGINFO=SA_SIGINFO
   TMP_MAX=308915776
   TRAP_BRKPT=1
   TRAP_TRACE=2
   USER_ADDR_NULL=((user_addr_t) 0)
   WAIT_ANY=(-1)
   WAIT_MYPGRP=0
   WCONTINUED=0x00000010
   WCOREDUMP(x)=(_W_INT(x) & WCOREFLAG)
   WCOREFLAG=0200
   WEXITED=0x00000004
   WEXITSTATUS(x)=((_W_INT(x) >> 8) & 0x000000ff)
   WIFCONTINUED(x)=(_WSTATUS(x) == _WSTOPPED && WSTOPSIG(x) == 0x13)
   WIFEXITED(x)=(_WSTATUS(x) == 0)
   WIFSIGNALED(x)=(_WSTATUS(x) != _WSTOPPED && _WSTATUS(x) != 0)
   WIFSTOPPED(x)=(_WSTATUS(x) == _WSTOPPED && WSTOPSIG(x) != 0x13)
   WNOHANG=0x00000001
   WNOWAIT=0x00000020
   WSTOPPED=0x00000008
   WSTOPSIG(x)=(_W_INT(x) >> 8)
   WTERMSIG(x)=(_WSTATUS(x))
   WUNTRACED=0x00000002
   w_coredump=w_T.w_Coredump
   W_EXITCODE(ret,sig)=((ret) << 8 | (sig))
   W_OK=(1<<1)
   w_retcode=w_T.w_Retcode
   W_STOPCODE(sig)=((sig) << 8 | _WSTOPPED)
   w_stopsig=w_S.w_Stopsig
   w_stopval=w_S.w_Stopval
   w_termsig=w_T.w_Termsig
   X_OK=(1<<0)
   _ACCESS_EXTENDED_MASK=(_READ_OK | _WRITE_OK | _EXECUTE_OK | _DELETE_OK | _APPEND_OK | _RMFILE_OK | _REXT_OK | _WEXT_OK | _RATTR_OK | _WATTR_OK | _RPERM_OK | _WPERM_OK | _CHOWN_OK)
   _ALLOCA_H_=
   _ANSI_STDDEF_H=
   _APPEND_OK=(1<<13)
   _BSD_I386__TYPES_H_=
   _BSD_MACHINE_ENDIAN_H_=
   _BSD_MACHINE_SIGNAL_H_=
   _BSD_MACHINE_TYPES_H_=
   _BSD_MACHINE__TYPES_H_=
   _BSD_PTRDIFF_T_=
   _BSD_SIZE_T_=
   _BSD_SIZE_T_DEFINED_=
   _BSD_WCHAR_T_=
   _CDEFS_H_=
   _CHOWN_OK=(1<<21)
   _CLOCK_T=
   _CS_DARWIN_USER_CACHE_DIR=65538
   _CS_DARWIN_USER_DIR=65536
   _CS_DARWIN_USER_TEMP_DIR=65537
   _CS_PATH=1
   _CS_POSIX_V6_ILP32_OFF32_CFLAGS=2
   _CS_POSIX_V6_ILP32_OFF32_LDFLAGS=3
   _CS_POSIX_V6_ILP32_OFF32_LIBS=4
   _CS_POSIX_V6_ILP32_OFFBIG_CFLAGS=5
   _CS_POSIX_V6_ILP32_OFFBIG_LDFLAGS=6
   _CS_POSIX_V6_ILP32_OFFBIG_LIBS=7
   _CS_POSIX_V6_LP64_OFF64_CFLAGS=8
   _CS_POSIX_V6_LP64_OFF64_LDFLAGS=9
   _CS_POSIX_V6_LP64_OFF64_LIBS=10
   _CS_POSIX_V6_LPBIG_OFFBIG_CFLAGS=11
   _CS_POSIX_V6_LPBIG_OFFBIG_LDFLAGS=12
   _CS_POSIX_V6_LPBIG_OFFBIG_LIBS=13
   _CS_POSIX_V6_WIDTH_RESTRICTED_ENVS=14
   _CS_XBS5_ILP32_OFF32_CFLAGS=20
   _CS_XBS5_ILP32_OFF32_LDFLAGS=21
   _CS_XBS5_ILP32_OFF32_LIBS=22
   _CS_XBS5_ILP32_OFF32_LINTFLAGS=23
   _CS_XBS5_ILP32_OFFBIG_CFLAGS=24
   _CS_XBS5_ILP32_OFFBIG_LDFLAGS=25
   _CS_XBS5_ILP32_OFFBIG_LIBS=26
   _CS_XBS5_ILP32_OFFBIG_LINTFLAGS=27
   _CS_XBS5_LP64_OFF64_CFLAGS=28
   _CS_XBS5_LP64_OFF64_LDFLAGS=29
   _CS_XBS5_LP64_OFF64_LIBS=30
   _CS_XBS5_LP64_OFF64_LINTFLAGS=31
   _CS_XBS5_LPBIG_OFFBIG_CFLAGS=32
   _CS_XBS5_LPBIG_OFFBIG_LDFLAGS=33
   _CS_XBS5_LPBIG_OFFBIG_LIBS=34
   _CS_XBS5_LPBIG_OFFBIG_LINTFLAGS=35
   _CT_RUNE_T=
   _CXXCONFIG=1
   _DARWIN_FEATURE_64_BIT_INODE=1
   _DARWIN_FEATURE_ONLY_UNIX_CONFORMANCE=1
   _DARWIN_FEATURE_UNIX_CONFORMANCE=3
   _DELETE_OK=(1<<12)
   _DEV_T=
   _DTRACE_CXA_RUNTIME_H=
   _EXECUTE_OK=(1<<11)
   _FD_SET=
   _FORTIFY_SOURCE=2
   _FSTDIO=
   _GCC_PTRDIFF_T=
   _GCC_SIZE_T=
   _GCC_WCHAR_T=
   _GID_T=
   _GLIBCXX_ATOMIC_BUILTINS=1
   _GLIBCXX_BEGIN_LDBL_NAMESPACE=
   _GLIBCXX_BEGIN_NAMESPACE(X)=namespace X _GLIBCXX_VISIBILITY_DEFAULT {
   _GLIBCXX_BEGIN_NESTED_NAMESPACE(X,Y)=_GLIBCXX_BEGIN_NAMESPACE(X)
   _GLIBCXX_CPU_DEFINES=1
   _GLIBCXX_CSTDDEF=1
   _GLIBCXX_CSTDIO=1
   _GLIBCXX_CSTDLIB=1
   _GLIBCXX_CTIME=1
   _GLIBCXX_END_LDBL_NAMESPACE=
   _GLIBCXX_END_NAMESPACE=}
   _GLIBCXX_END_NESTED_NAMESPACE=_GLIBCXX_END_NAMESPACE
   _GLIBCXX_EXT=__gnu_cxx
   _GLIBCXX_EXTERN_TEMPLATE=1
   _GLIBCXX_FAST_MATH=0
   _GLIBCXX_GTHREAD_USE_WEAK=0
   _GLIBCXX_HAVE_ACOSF=1
   _GLIBCXX_HAVE_ACOSL=1
   _GLIBCXX_HAVE_ASINF=1
   _GLIBCXX_HAVE_ASINL=1
   _GLIBCXX_HAVE_ATAN2F=1
   _GLIBCXX_HAVE_ATAN2L=1
   _GLIBCXX_HAVE_ATANF=1
   _GLIBCXX_HAVE_ATANL=1
   _GLIBCXX_HAVE_ATTRIBUTE_VISIBILITY=1
   _GLIBCXX_HAVE_CEILF=1
   _GLIBCXX_HAVE_CEILL=1
   _GLIBCXX_HAVE_COMPLEX_H=1
   _GLIBCXX_HAVE_COPYSIGN=1
   _GLIBCXX_HAVE_COPYSIGNF=1
   _GLIBCXX_HAVE_COPYSIGNL=1
   _GLIBCXX_HAVE_COSF=1
   _GLIBCXX_HAVE_COSHF=1
   _GLIBCXX_HAVE_COSHL=1
   _GLIBCXX_HAVE_COSL=1
   _GLIBCXX_HAVE_EXPF=1
   _GLIBCXX_HAVE_EXPL=1
   _GLIBCXX_HAVE_FABSF=1
   _GLIBCXX_HAVE_FABSL=1
   _GLIBCXX_HAVE_FENV_H=1
   _GLIBCXX_HAVE_FINITE=1
   _GLIBCXX_HAVE_FLOAT_H=1
   _GLIBCXX_HAVE_FLOORF=1
   _GLIBCXX_HAVE_FLOORL=1
   _GLIBCXX_HAVE_FMODF=1
   _GLIBCXX_HAVE_FMODL=1
   _GLIBCXX_HAVE_FREXPF=1
   _GLIBCXX_HAVE_FREXPL=1
   _GLIBCXX_HAVE_GETIPINFO=1
   _GLIBCXX_HAVE_GETPAGESIZE=1
   _GLIBCXX_HAVE_GTHR_DEFAULT=1
   _GLIBCXX_HAVE_HYPOT=1
   _GLIBCXX_HAVE_HYPOTF=1
   _GLIBCXX_HAVE_HYPOTL=1
   _GLIBCXX_HAVE_ICONV=1
   _GLIBCXX_HAVE_ICONV_CLOSE=1
   _GLIBCXX_HAVE_ICONV_OPEN=1
   _GLIBCXX_HAVE_INT64_T=1
   _GLIBCXX_HAVE_INTTYPES_H=1
   _GLIBCXX_HAVE_ISINF=1
   _GLIBCXX_HAVE_ISNAN=1
   _GLIBCXX_HAVE_ISWBLANK=1
   _GLIBCXX_HAVE_LC_MESSAGES=1
   _GLIBCXX_HAVE_LDEXPF=1
   _GLIBCXX_HAVE_LDEXPL=1
   _GLIBCXX_HAVE_LIBM=1
   _GLIBCXX_HAVE_LIMIT_AS=1
   _GLIBCXX_HAVE_LIMIT_DATA=1
   _GLIBCXX_HAVE_LIMIT_FSIZE=1
   _GLIBCXX_HAVE_LIMIT_RSS=1
   _GLIBCXX_HAVE_LIMIT_VMEM=0
   _GLIBCXX_HAVE_LOCALE_H=1
   _GLIBCXX_HAVE_LOG10F=1
   _GLIBCXX_HAVE_LOG10L=1
   _GLIBCXX_HAVE_LOGF=1
   _GLIBCXX_HAVE_LOGL=1
   _GLIBCXX_HAVE_MACHINE_ENDIAN_H=1
   _GLIBCXX_HAVE_MACHINE_PARAM_H=1
   _GLIBCXX_HAVE_MBSTATE_T=1
   _GLIBCXX_HAVE_MEMORY_H=1
   _GLIBCXX_HAVE_MMAP=1
   _GLIBCXX_HAVE_MODF=1
   _GLIBCXX_HAVE_MODFF=1
   _GLIBCXX_HAVE_MODFL=1
   _GLIBCXX_HAVE_NL_LANGINFO=1
   _GLIBCXX_HAVE_POLL=1
   _GLIBCXX_HAVE_POWF=1
   _GLIBCXX_HAVE_POWL=1
   _GLIBCXX_HAVE_SETENV=1
   _GLIBCXX_HAVE_SIGSETJMP=1
   _GLIBCXX_HAVE_SINF=1
   _GLIBCXX_HAVE_SINHF=1
   _GLIBCXX_HAVE_SINHL=1
   _GLIBCXX_HAVE_SINL=1
   _GLIBCXX_HAVE_SQRTF=1
   _GLIBCXX_HAVE_SQRTL=1
   _GLIBCXX_HAVE_STDBOOL_H=1
   _GLIBCXX_HAVE_STDINT_H=1
   _GLIBCXX_HAVE_STDLIB_H=1
   _GLIBCXX_HAVE_STRERROR_R=1
   _GLIBCXX_HAVE_STRINGS_H=1
   _GLIBCXX_HAVE_STRING_H=1
   _GLIBCXX_HAVE_STRTOF=1
   _GLIBCXX_HAVE_STRTOLD=1
   _GLIBCXX_HAVE_SYS_FILIO_H=1
   _GLIBCXX_HAVE_SYS_IOCTL_H=1
   _GLIBCXX_HAVE_SYS_IPC_H=1
   _GLIBCXX_HAVE_SYS_RESOURCE_H=1
   _GLIBCXX_HAVE_SYS_SEM_H=1
   _GLIBCXX_HAVE_SYS_STAT_H=1
   _GLIBCXX_HAVE_SYS_TIME_H=1
   _GLIBCXX_HAVE_SYS_TYPES_H=1
   _GLIBCXX_HAVE_SYS_UIO_H=1
   _GLIBCXX_HAVE_S_ISREG=1
   _GLIBCXX_HAVE_TANF=1
   _GLIBCXX_HAVE_TANHF=1
   _GLIBCXX_HAVE_TANHL=1
   _GLIBCXX_HAVE_TANL=1
   _GLIBCXX_HAVE_UNISTD_H=1
   _GLIBCXX_HAVE_VFWSCANF=1
   _GLIBCXX_HAVE_VSWSCANF=1
   _GLIBCXX_HAVE_VWSCANF=1
   _GLIBCXX_HAVE_WCHAR_H=1
   _GLIBCXX_HAVE_WCSTOF=1
   _GLIBCXX_HAVE_WCTYPE_H=1
   _GLIBCXX_HAVE_WRITEV=1
   _GLIBCXX_HAVE___BUILTIN_ABS=1
   _GLIBCXX_HAVE___BUILTIN_COS=1
   _GLIBCXX_HAVE___BUILTIN_COSF=1
   _GLIBCXX_HAVE___BUILTIN_COSL=1
   _GLIBCXX_HAVE___BUILTIN_FABS=1
   _GLIBCXX_HAVE___BUILTIN_FABSF=1
   _GLIBCXX_HAVE___BUILTIN_FABSL=1
   _GLIBCXX_HAVE___BUILTIN_LABS=1
   _GLIBCXX_HAVE___BUILTIN_SIN=1
   _GLIBCXX_HAVE___BUILTIN_SINF=1
   _GLIBCXX_HAVE___BUILTIN_SINL=1
   _GLIBCXX_HAVE___BUILTIN_SQRT=1
   _GLIBCXX_HAVE___BUILTIN_SQRTF=1
   _GLIBCXX_HAVE___BUILTIN_SQRTL=1
   _GLIBCXX_HAVE___SIGNBITF=1
   _GLIBCXX_HAVE___SIGNBITL=1
   _GLIBCXX_HOSTED=1
   _GLIBCXX_LDBL_NAMESPACE=
   _GLIBCXX_NAMESPACE_ASSOCIATION_VERSION=0
   _GLIBCXX_OS_DEFINES=1
   _GLIBCXX_PACKAGE_BUGREPORT=""
   _GLIBCXX_PACKAGE_NAME="package-unused"
   _GLIBCXX_PACKAGE_STRING="package-unused version-unused"
   _GLIBCXX_PACKAGE_TARNAME="libstdc++"
   _GLIBCXX_PACKAGE__GLIBCXX_VERSION="version-unused"
   _GLIBCXX_RES_LIMITS=1
   _GLIBCXX_STD=std
   _GLIBCXX_SYMVER=1
   _GLIBCXX_SYMVER_DARWIN=1
   _GLIBCXX_USE_C99=1
   _GLIBCXX_USE_C99_COMPLEX=1
   _GLIBCXX_USE_C99_COMPLEX_TR1=1
   _GLIBCXX_USE_C99_CTYPE_TR1=1
   _GLIBCXX_USE_C99_FENV_TR1=1
   _GLIBCXX_USE_C99_INTTYPES_TR1=1
   _GLIBCXX_USE_C99_MATH=1
   _GLIBCXX_USE_C99_MATH_TR1=1
   _GLIBCXX_USE_C99_STDINT_TR1=1
   _GLIBCXX_USE_ICONV=1
   _GLIBCXX_USE_LONG_LONG=1
   _GLIBCXX_USE_WCHAR_T=1
   _GLIBCXX_VISIBILITY(V)=__attribute__ ((__visibility__ (#V)))
   _GLIBCXX_VISIBILITY_DEFAULT=
   _GLIBCXX_WEAK_DEFINITION=__attribute__ ((weak))
   _I386_SIGNAL_H_=1
   _I386__ENDIAN_H_=
   _ID_T=
   _INT16_T=
   _INT32_T=
   _INT64_T=
   _INT8_T=
   _INTPTR_T=
   _IOFBF=0
   _IOLBF=1
   _IONBF=2
   _MACHTYPES_H_=
   _MODE_T=
   _OFF_T=
   _OS__OSBYTEORDERI386_H=
   _OS__OSBYTEORDER_H=
   _PC_2_SYMLINKS=15
   _PC_ALLOC_SIZE_MIN=16
   _PC_ASYNC_IO=17
   _PC_AUTH_OPAQUE_NP=14
   _PC_CASE_PRESERVING=12
   _PC_CASE_SENSITIVE=11
   _PC_CHOWN_RESTRICTED=7
   _PC_EXTENDED_SECURITY_NP=13
   _PC_FILESIZEBITS=18
   _PC_LINK_MAX=1
   _PC_MAX_CANON=2
   _PC_MAX_INPUT=3
   _PC_NAME_CHARS_MAX=10
   _PC_NAME_MAX=4
   _PC_NO_TRUNC=8
   _PC_PATH_MAX=5
   _PC_PIPE_BUF=6
   _PC_PRIO_IO=19
   _PC_REC_INCR_XFER_SIZE=20
   _PC_REC_MAX_XFER_SIZE=21
   _PC_REC_MIN_XFER_SIZE=22
   _PC_REC_XFER_ALIGN=23
   _PC_SYMLINK_MAX=24
   _PC_SYNC_IO=25
   _PC_VDISABLE=9
   _PC_XATTR_SIZE_BITS=26
   _PID_T=
   _POSIX2_CHAR_TERM=200112L
   _POSIX2_C_BIND=200112L
   _POSIX2_C_DEV=200112L
   _POSIX2_FORT_DEV=(-1)
   _POSIX2_FORT_RUN=200112L
   _POSIX2_LOCALEDEF=200112L
   _POSIX2_PBS=(-1)
   _POSIX2_PBS_ACCOUNTING=(-1)
   _POSIX2_PBS_CHECKPOINT=(-1)
   _POSIX2_PBS_LOCATE=(-1)
   _POSIX2_PBS_MESSAGE=(-1)
   _POSIX2_PBS_TRACK=(-1)
   _POSIX2_SW_DEV=200112L
   _POSIX2_UPE=200112L
   _POSIX2_VERSION=200112L
   _POSIX_ADVISORY_INFO=(-1)
   _POSIX_ASYNCHRONOUS_IO=(-1)
   _POSIX_BARRIERS=(-1)
   _POSIX_CHOWN_RESTRICTED=200112L
   _POSIX_CLOCK_SELECTION=(-1)
   _POSIX_CPUTIME=(-1)
   _POSIX_FSYNC=200112L
   _POSIX_IPV6=200112L
   _POSIX_JOB_CONTROL=200112L
   _POSIX_MAPPED_FILES=200112L
   _POSIX_MEMLOCK=(-1)
   _POSIX_MEMLOCK_RANGE=(-1)
   _POSIX_MEMORY_PROTECTION=200112L
   _POSIX_MESSAGE_PASSING=(-1)
   _POSIX_MONOTONIC_CLOCK=(-1)
   _POSIX_NO_TRUNC=200112L
   _POSIX_PRIORITIZED_IO=(-1)
   _POSIX_PRIORITY_SCHEDULING=(-1)
   _POSIX_RAW_SOCKETS=(-1)
   _POSIX_READER_WRITER_LOCKS=200112L
   _POSIX_REALTIME_SIGNALS=(-1)
   _POSIX_REGEXP=200112L
   _POSIX_SAVED_IDS=200112L
   _POSIX_SEMAPHORES=(-1)
   _POSIX_SHARED_MEMORY_OBJECTS=(-1)
   _POSIX_SHELL=200112L
   _POSIX_SPAWN=(-1)
   _POSIX_SPIN_LOCKS=(-1)
   _POSIX_SPORADIC_SERVER=(-1)
   _POSIX_SYNCHRONIZED_IO=(-1)
   _POSIX_THREADS=200112L
   _POSIX_THREAD_ATTR_STACKADDR=200112L
   _POSIX_THREAD_ATTR_STACKSIZE=200112L
   _POSIX_THREAD_CPUTIME=(-1)
   _POSIX_THREAD_KEYS_MAX=128
   _POSIX_THREAD_PRIORITY_SCHEDULING=(-1)
   _POSIX_THREAD_PRIO_INHERIT=(-1)
   _POSIX_THREAD_PRIO_PROTECT=(-1)
   _POSIX_THREAD_PROCESS_SHARED=200112L
   _POSIX_THREAD_SAFE_FUNCTIONS=200112L
   _POSIX_THREAD_SPORADIC_SERVER=(-1)
   _POSIX_TIMEOUTS=(-1)
   _POSIX_TIMERS=(-1)
   _POSIX_TRACE=(-1)
   _POSIX_TRACE_EVENT_FILTER=(-1)
   _POSIX_TRACE_INHERIT=(-1)
   _POSIX_TRACE_LOG=(-1)
   _POSIX_TYPED_MEMORY_OBJECTS=(-1)
   _POSIX_V6_ILP32_OFF32=__ILP32_OFF32
   _POSIX_V6_ILP32_OFFBIG=__ILP32_OFFBIG
   _POSIX_V6_LP64_OFF64=__LP64_OFF64
   _POSIX_V6_LPBIG_OFFBIG=__LPBIG_OFFBIG
   _POSIX_V7_ILP32_OFF32=__ILP32_OFF32
   _POSIX_V7_ILP32_OFFBIG=__ILP32_OFFBIG
   _POSIX_V7_LP64_OFF64=__LP64_OFF64
   _POSIX_V7_LPBIG_OFFBIG=__LPBIG_OFFBIG
   _POSIX_VDISABLE=((unsigned char)'\377')
   _POSIX_VERSION=200112L
   _PTHREAD_ATTR_T=
   _PTRDIFF_T=
   _PTRDIFF_T_=
   _QUAD_HIGHWORD=1
   _QUAD_LOWWORD=0
   _RATTR_OK=(1<<15)
   _READ_OK=(1<<9)
   _REXT_OK=(1<<17)
   _RLIMIT_POSIX_FLAG=0x1000
   _RMFILE_OK=(1<<14)
   _RPERM_OK=(1<<19)
   _RUNE_T=
   _SC_2_CHAR_TERM=20
   _SC_2_C_BIND=18
   _SC_2_C_DEV=19
   _SC_2_FORT_DEV=21
   _SC_2_FORT_RUN=22
   _SC_2_LOCALEDEF=23
   _SC_2_PBS=59
   _SC_2_PBS_ACCOUNTING=60
   _SC_2_PBS_CHECKPOINT=61
   _SC_2_PBS_LOCATE=62
   _SC_2_PBS_MESSAGE=63
   _SC_2_PBS_TRACK=64
   _SC_2_SW_DEV=24
   _SC_2_UPE=25
   _SC_2_VERSION=17
   _SC_ADVISORY_INFO=65
   _SC_AIO_LISTIO_MAX=42
   _SC_AIO_MAX=43
   _SC_AIO_PRIO_DELTA_MAX=44
   _SC_ARG_MAX=1
   _SC_ASYNCHRONOUS_IO=28
   _SC_ATEXIT_MAX=107
   _SC_BARRIERS=66
   _SC_BC_BASE_MAX=9
   _SC_BC_DIM_MAX=10
   _SC_BC_SCALE_MAX=11
   _SC_BC_STRING_MAX=12
   _SC_CHILD_MAX=2
   _SC_CLK_TCK=3
   _SC_CLOCK_SELECTION=67
   _SC_COLL_WEIGHTS_MAX=13
   _SC_CPUTIME=68
   _SC_DELAYTIMER_MAX=45
   _SC_EXPR_NEST_MAX=14
   _SC_FILE_LOCKING=69
   _SC_FSYNC=38
   _SC_GETGR_R_SIZE_MAX=70
   _SC_GETPW_R_SIZE_MAX=71
   _SC_HOST_NAME_MAX=72
   _SC_IOV_MAX=56
   _SC_IPV6=118
   _SC_JOB_CONTROL=6
   _SC_LINE_MAX=15
   _SC_LOGIN_NAME_MAX=73
   _SC_MAPPED_FILES=47
   _SC_MEMLOCK=30
   _SC_MEMLOCK_RANGE=31
   _SC_MEMORY_PROTECTION=32
   _SC_MESSAGE_PASSING=33
   _SC_MONOTONIC_CLOCK=74
   _SC_MQ_OPEN_MAX=46
   _SC_MQ_PRIO_MAX=75
   _SC_NGROUPS_MAX=4
   _SC_NPROCESSORS_CONF=57
   _SC_NPROCESSORS_ONLN=58
   _SC_OPEN_MAX=5
   _SC_PAGESIZE=29
   _SC_PAGE_SIZE=_SC_PAGESIZE
   _SC_PASS_MAX=131
   _SC_PRIORITIZED_IO=34
   _SC_PRIORITY_SCHEDULING=35
   _SC_RAW_SOCKETS=119
   _SC_READER_WRITER_LOCKS=76
   _SC_REALTIME_SIGNALS=36
   _SC_REGEXP=77
   _SC_RE_DUP_MAX=16
   _SC_RTSIG_MAX=48
   _SC_SAVED_IDS=7
   _SC_SEMAPHORES=37
   _SC_SEM_NSEMS_MAX=49
   _SC_SEM_VALUE_MAX=50
   _SC_SHARED_MEMORY_OBJECTS=39
   _SC_SHELL=78
   _SC_SIGQUEUE_MAX=51
   _SC_SPAWN=79
   _SC_SPIN_LOCKS=80
   _SC_SPORADIC_SERVER=81
   _SC_SS_REPL_MAX=126
   _SC_STREAM_MAX=26
   _SC_SYMLOOP_MAX=120
   _SC_SYNCHRONIZED_IO=40
   _SC_THREADS=96
   _SC_THREAD_ATTR_STACKADDR=82
   _SC_THREAD_ATTR_STACKSIZE=83
   _SC_THREAD_CPUTIME=84
   _SC_THREAD_DESTRUCTOR_ITERATIONS=85
   _SC_THREAD_KEYS_MAX=86
   _SC_THREAD_PRIORITY_SCHEDULING=89
   _SC_THREAD_PRIO_INHERIT=87
   _SC_THREAD_PRIO_PROTECT=88
   _SC_THREAD_PROCESS_SHARED=90
   _SC_THREAD_SAFE_FUNCTIONS=91
   _SC_THREAD_SPORADIC_SERVER=92
   _SC_THREAD_STACK_MIN=93
   _SC_THREAD_THREADS_MAX=94
   _SC_TIMEOUTS=95
   _SC_TIMERS=41
   _SC_TIMER_MAX=52
   _SC_TRACE=97
   _SC_TRACE_EVENT_FILTER=98
   _SC_TRACE_EVENT_NAME_MAX=127
   _SC_TRACE_INHERIT=99
   _SC_TRACE_LOG=100
   _SC_TRACE_NAME_MAX=128
   _SC_TRACE_SYS_MAX=129
   _SC_TRACE_USER_EVENT_MAX=130
   _SC_TTY_NAME_MAX=101
   _SC_TYPED_MEMORY_OBJECTS=102
   _SC_TZNAME_MAX=27
   _SC_V6_ILP32_OFF32=103
   _SC_V6_ILP32_OFFBIG=104
   _SC_V6_LP64_OFF64=105
   _SC_V6_LPBIG_OFFBIG=106
   _SC_VERSION=8
   _SC_XBS5_ILP32_OFF32=122
   _SC_XBS5_ILP32_OFFBIG=123
   _SC_XBS5_LP64_OFF64=124
   _SC_XBS5_LPBIG_OFFBIG=125
   _SC_XOPEN_CRYPT=108
   _SC_XOPEN_ENH_I18N=109
   _SC_XOPEN_LEGACY=110
   _SC_XOPEN_REALTIME=111
   _SC_XOPEN_REALTIME_THREADS=112
   _SC_XOPEN_SHM=113
   _SC_XOPEN_STREAMS=114
   _SC_XOPEN_UNIX=115
   _SC_XOPEN_VERSION=116
   _SC_XOPEN_XCU_VERSION=121
   _SIGSET_T=
   _SIZET_=
   _SIZE_T=
   _SIZE_T_=
   _SIZE_T_DECLARED=
   _SIZE_T_DEFINED=
   _SIZE_T_DEFINED_=
   _SSIZE_T=
   _STDDEF_H=
   _STDDEF_H_=
   _STDIO_H_=
   _STDLIB_H_=
   _STRUCT_TIMESPEC=struct timespec
   _STRUCT_TIMEVAL=struct timeval
   _SUSECONDS_T=
   _SYS_RESOURCE_H_=
   _SYS_SELECT_H_=
   _SYS_SIGNAL_H_=
   _SYS_SIZE_T_H=
   _SYS_UNISTD_H_=
   _SYS_WAIT_H_=
   _SYS__ENDIAN_H_=
   _SYS__SELECT_H_=
   _SYS__TYPES_H_=
   _TIME_H_=
   _TIME_T=
   _T_PTRDIFF=
   _T_PTRDIFF_=
   _T_SIZE=
   _T_SIZE_=
   _T_WCHAR=
   _T_WCHAR_=
   _UID_T=
   _UINTPTR_T=
   _UNISTD_H_=
   _USECONDS_T=
   _UUID_T=
   _V6_ILP32_OFF32=__ILP32_OFF32
   _V6_ILP32_OFFBIG=__ILP32_OFFBIG
   _V6_LP64_OFF64=__LP64_OFF64
   _V6_LPBIG_OFFBIG=__LPBIG_OFFBIG
   _VA_LIST=
   _WATTR_OK=(1<<16)
   _WCHAR_T=
   _WCHAR_T_=
   _WCHAR_T_DECLARED=
   _WCHAR_T_DEFINED=
   _WCHAR_T_DEFINED_=
   _WCHAR_T_H=
   _WEXT_OK=(1<<18)
   _WPERM_OK=(1<<20)
   _WRITE_OK=(1<<10)
   _WSTATUS(x)=(_W_INT(x) & 0177)
   _WSTOPPED=0177
   _W_INT(w)=(*(int *)&(w))
   _XBS5_ILP32_OFF32=__ILP32_OFF32
   _XBS5_ILP32_OFFBIG=__ILP32_OFFBIG
   _XBS5_LP64_OFF64=__LP64_OFF64
   _XBS5_LPBIG_OFFBIG=__LPBIG_OFFBIG
   _XOPEN_CRYPT=(1)
   _XOPEN_ENH_I18N=(1)
   _XOPEN_LEGACY=(-1)
   _XOPEN_REALTIME=(-1)
   _XOPEN_REALTIME_THREADS=(-1)
   _XOPEN_SHM=(1)
   _XOPEN_STREAMS=(-1)
   _XOPEN_UNIX=(1)
   _XOPEN_VERSION=600
   _XOPEN_XCU_VERSION=4
   __ACCELERATE__=
   __alloca(size)=__builtin_alloca(size)
   __APPLE_API_EVOLVING=
   __APPLE_API_OBSOLETE=
   __APPLE_API_PRIVATE=
   __APPLE_API_STABLE=
   __APPLE_API_STANDARD=
   __APPLE_API_UNSTABLE=
   __AVAILABILITY_INTERNAL_DEPRECATED=__attribute__((deprecated,visibility("default")))
   __AVAILABILITY_INTERNAL_REGULAR=__attribute__((visibility("default")))
   __AVAILABILITY_INTERNAL_UNAVAILABLE=__attribute__((unavailable,visibility("default")))
   __AVAILABILITY_INTERNAL_WEAK_IMPORT=__attribute__((weak_import,visibility("default")))
   __AVAILABILITY_INTERNAL__=
   __AVAILABILITY_INTERNAL__MAC_10_0=__AVAILABILITY_INTERNAL_REGULAR
   __AVAILABILITY_INTERNAL__MAC_10_0_DEP__MAC_10_1=__AVAILABILITY_INTERNAL_DEPRECATED
   __AVAILABILITY_INTERNAL__MAC_10_0_DEP__MAC_10_2=__AVAILABILITY_INTERNAL_DEPRECATED
   __AVAILABILITY_INTERNAL__MAC_10_0_DEP__MAC_10_3=__AVAILABILITY_INTERNAL_DEPRECATED
   __AVAILABILITY_INTERNAL__MAC_10_0_DEP__MAC_10_4=__AVAILABILITY_INTERNAL_DEPRECATED
   __AVAILABILITY_INTERNAL__MAC_10_0_DEP__MAC_10_5=__AVAILABILITY_INTERNAL_DEPRECATED
   __AVAILABILITY_INTERNAL__MAC_10_0_DEP__MAC_10_6=__AVAILABILITY_INTERNAL_DEPRECATED
   __AVAILABILITY_INTERNAL__MAC_10_0_DEP__MAC_10_7=__AVAILABILITY_INTERNAL_DEPRECATED
   __AVAILABILITY_INTERNAL__MAC_10_0_DEP__MAC_NA=__AVAILABILITY_INTERNAL__MAC_10_0
   __AVAILABILITY_INTERNAL__MAC_10_1=__AVAILABILITY_INTERNAL_REGULAR
   __AVAILABILITY_INTERNAL__MAC_10_1_DEP__MAC_10_2=__AVAILABILITY_INTERNAL_DEPRECATED
   __AVAILABILITY_INTERNAL__MAC_10_1_DEP__MAC_10_3=__AVAILABILITY_INTERNAL_DEPRECATED
   __AVAILABILITY_INTERNAL__MAC_10_1_DEP__MAC_10_4=__AVAILABILITY_INTERNAL_DEPRECATED
   __AVAILABILITY_INTERNAL__MAC_10_1_DEP__MAC_10_5=__AVAILABILITY_INTERNAL_DEPRECATED
   __AVAILABILITY_INTERNAL__MAC_10_1_DEP__MAC_10_6=__AVAILABILITY_INTERNAL_DEPRECATED
   __AVAILABILITY_INTERNAL__MAC_10_1_DEP__MAC_10_7=__AVAILABILITY_INTERNAL_DEPRECATED
   __AVAILABILITY_INTERNAL__MAC_10_1_DEP__MAC_NA=__AVAILABILITY_INTERNAL__MAC_10_1
   __AVAILABILITY_INTERNAL__MAC_10_2=__AVAILABILITY_INTERNAL_REGULAR
   __AVAILABILITY_INTERNAL__MAC_10_2_DEP__MAC_10_3=__AVAILABILITY_INTERNAL_DEPRECATED
   __AVAILABILITY_INTERNAL__MAC_10_2_DEP__MAC_10_4=__AVAILABILITY_INTERNAL_DEPRECATED
   __AVAILABILITY_INTERNAL__MAC_10_2_DEP__MAC_10_5=__AVAILABILITY_INTERNAL_DEPRECATED
   __AVAILABILITY_INTERNAL__MAC_10_2_DEP__MAC_10_6=__AVAILABILITY_INTERNAL_DEPRECATED
   __AVAILABILITY_INTERNAL__MAC_10_2_DEP__MAC_10_7=__AVAILABILITY_INTERNAL_DEPRECATED
   __AVAILABILITY_INTERNAL__MAC_10_2_DEP__MAC_NA=__AVAILABILITY_INTERNAL__MAC_10_2
   __AVAILABILITY_INTERNAL__MAC_10_3=__AVAILABILITY_INTERNAL_REGULAR
   __AVAILABILITY_INTERNAL__MAC_10_3_DEP__MAC_10_4=__AVAILABILITY_INTERNAL_DEPRECATED
   __AVAILABILITY_INTERNAL__MAC_10_3_DEP__MAC_10_5=__AVAILABILITY_INTERNAL_DEPRECATED
   __AVAILABILITY_INTERNAL__MAC_10_3_DEP__MAC_10_6=__AVAILABILITY_INTERNAL_DEPRECATED
   __AVAILABILITY_INTERNAL__MAC_10_3_DEP__MAC_10_7=__AVAILABILITY_INTERNAL_DEPRECATED
   __AVAILABILITY_INTERNAL__MAC_10_3_DEP__MAC_NA=__AVAILABILITY_INTERNAL__MAC_10_3
   __AVAILABILITY_INTERNAL__MAC_10_4=__AVAILABILITY_INTERNAL_REGULAR
   __AVAILABILITY_INTERNAL__MAC_10_4_DEP__MAC_10_5=__AVAILABILITY_INTERNAL_DEPRECATED
   __AVAILABILITY_INTERNAL__MAC_10_4_DEP__MAC_10_6=__AVAILABILITY_INTERNAL_DEPRECATED
   __AVAILABILITY_INTERNAL__MAC_10_4_DEP__MAC_10_7=__AVAILABILITY_INTERNAL_DEPRECATED
   __AVAILABILITY_INTERNAL__MAC_10_4_DEP__MAC_NA=__AVAILABILITY_INTERNAL__MAC_10_4
   __AVAILABILITY_INTERNAL__MAC_10_5=__AVAILABILITY_INTERNAL_REGULAR
   __AVAILABILITY_INTERNAL__MAC_10_5_DEP__MAC_10_6=__AVAILABILITY_INTERNAL_DEPRECATED
   __AVAILABILITY_INTERNAL__MAC_10_5_DEP__MAC_10_7=__AVAILABILITY_INTERNAL_DEPRECATED
   __AVAILABILITY_INTERNAL__MAC_10_5_DEP__MAC_NA=__AVAILABILITY_INTERNAL__MAC_10_5
   __AVAILABILITY_INTERNAL__MAC_10_6=__AVAILABILITY_INTERNAL_REGULAR
   __AVAILABILITY_INTERNAL__MAC_10_6_DEP__MAC_10_7=__AVAILABILITY_INTERNAL_DEPRECATED
   __AVAILABILITY_INTERNAL__MAC_10_6_DEP__MAC_NA=__AVAILABILITY_INTERNAL__MAC_10_6
   __AVAILABILITY_INTERNAL__MAC_10_7=__AVAILABILITY_INTERNAL_REGULAR
   __AVAILABILITY_INTERNAL__MAC_10_7_DEP__MAC_NA=__AVAILABILITY_INTERNAL__MAC_10_7
   __AVAILABILITY_INTERNAL__MAC_NA=__AVAILABILITY_INTERNAL_UNAVAILABLE
   __AVAILABILITY_INTERNAL__MAC_NA_DEP__MAC_NA=__AVAILABILITY_INTERNAL_UNAVAILABLE
   __AVAILABILITY__=
   __BEGIN_DECLS=extern "C" {
   __builtin_constant_p(exp)=0
   __builtin_offsetof(T,m)=(reinterpret_cast <size_t>(&reinterpret_cast <const volatile char &>(static_cast<T*> (0)->m)))
   __builtin_types_compatible_p(x,y)=__builtin_types_compatible_p(sizeof(x),sizeof(y))
   __builtin_va_arg(ap,type)=*(typeof(type) *)ap
   __CAST_AWAY_QUALIFIER(variable,qualifier,type)=(type) (long)(variable)
   __CDT_PARSER__=1
   __CLAPACK_H=
   __complex__=_Complex
   __CONCAT(x,y)=x ## y
   __const=const
   __COPYRIGHT(s)=__IDSTRING(copyright,s)
   __CTERMID_DEFINED=1
   __DARWIN_1050(sym)=__asm("_" __STRING(sym) __DARWIN_SUF_1050)
   __DARWIN_1050ALIAS(sym)=__asm("_" __STRING(sym) __DARWIN_SUF_1050 __DARWIN_SUF_UNIX03)
   __DARWIN_1050ALIAS_C(sym)=__asm("_" __STRING(sym) __DARWIN_SUF_1050 __DARWIN_SUF_NON_CANCELABLE __DARWIN_SUF_UNIX03)
   __DARWIN_1050ALIAS_I(sym)=__asm("_" __STRING(sym) __DARWIN_SUF_1050 __DARWIN_SUF_64_BIT_INO_T __DARWIN_SUF_UNIX03)
   __DARWIN_1050INODE64(sym)=__asm("_" __STRING(sym) __DARWIN_SUF_1050 __DARWIN_SUF_64_BIT_INO_T)
   __DARWIN_64_BIT_INO_T=1
   __DARWIN_ALIAS(sym)=__asm("_" __STRING(sym) __DARWIN_SUF_UNIX03)
   __DARWIN_ALIAS_C(sym)=__asm("_" __STRING(sym) __DARWIN_SUF_NON_CANCELABLE __DARWIN_SUF_UNIX03)
   __DARWIN_ALIAS_I(sym)=__asm("_" __STRING(sym) __DARWIN_SUF_64_BIT_INO_T __DARWIN_SUF_UNIX03)
   __DARWIN_ALIAS_STARTING(_mac,_iphone,x)=__DARWIN_ALIAS_STARTING_MAC_##_mac(x)
   __DARWIN_ALIAS_STARTING_IPHONE___IPHONE_2_0(x)=
   __DARWIN_ALIAS_STARTING_IPHONE___IPHONE_2_1(x)=
   __DARWIN_ALIAS_STARTING_IPHONE___IPHONE_2_2(x)=
   __DARWIN_ALIAS_STARTING_IPHONE___IPHONE_3_0(x)=
   __DARWIN_ALIAS_STARTING_IPHONE___IPHONE_3_1(x)=
   __DARWIN_ALIAS_STARTING_IPHONE___IPHONE_3_2(x)=
   __DARWIN_ALIAS_STARTING_IPHONE___IPHONE_4_0(x)=
   __DARWIN_ALIAS_STARTING_IPHONE___IPHONE_4_1(x)=
   __DARWIN_ALIAS_STARTING_IPHONE___IPHONE_4_2(x)=
   __DARWIN_ALIAS_STARTING_IPHONE___IPHONE_4_3(x)=
   __DARWIN_ALIAS_STARTING_MAC___MAC_10_0(x)=x
   __DARWIN_ALIAS_STARTING_MAC___MAC_10_1(x)=x
   __DARWIN_ALIAS_STARTING_MAC___MAC_10_2(x)=x
   __DARWIN_ALIAS_STARTING_MAC___MAC_10_3(x)=x
   __DARWIN_ALIAS_STARTING_MAC___MAC_10_4(x)=x
   __DARWIN_ALIAS_STARTING_MAC___MAC_10_5(x)=x
   __DARWIN_ALIAS_STARTING_MAC___MAC_10_6(x)=x
   __DARWIN_ALIAS_STARTING_MAC___MAC_10_7(x)=x
   __DARWIN_BIG_ENDIAN=4321
   __DARWIN_BYTE_ORDER=__DARWIN_LITTLE_ENDIAN
   __DARWIN_C_ANSI=010000L
   __DARWIN_C_FULL=900000L
   __DARWIN_C_LEVEL=__DARWIN_C_FULL
   __DARWIN_EXTSN(sym)=__asm("_" __STRING(sym) __DARWIN_SUF_EXTSN)
   __DARWIN_EXTSN_C(sym)=__asm("_" __STRING(sym) __DARWIN_SUF_EXTSN __DARWIN_SUF_NON_CANCELABLE)
   __DARWIN_FD_CLR(n,p)=do { int __fd = (n); ((p)->fds_bits[__fd/__DARWIN_NFDBITS] &= ~(1<<(__fd % __DARWIN_NFDBITS))); } while(0)
   __DARWIN_FD_COPY(f,t)=bcopy(f, t, sizeof(*(f)))
   __DARWIN_FD_ISSET(n,p)=__darwin_fd_isset((n), (p))
   __DARWIN_FD_SET(n,p)=do { int __fd = (n); ((p)->fds_bits[__fd/__DARWIN_NFDBITS] |= (1<<(__fd % __DARWIN_NFDBITS))); } while(0)
   __DARWIN_FD_SETSIZE=1024
   __DARWIN_FD_ZERO(p)=__builtin_bzero(p, sizeof(*(p)))
   __DARWIN_howmany(x,y)=((((x) % (y)) == 0) ? ((x) / (y)) : (((x) / (y)) + 1))
   __DARWIN_INODE64(sym)=__asm("_" __STRING(sym) __DARWIN_SUF_64_BIT_INO_T)
   __DARWIN_LDBL_COMPAT(x)=
   __DARWIN_LDBL_COMPAT2(x)=
   __DARWIN_LITTLE_ENDIAN=1234
   __DARWIN_LONG_DOUBLE_IS_DOUBLE=0
   __DARWIN_NBBY=8
   __DARWIN_NFDBITS=(sizeof(__int32_t) * __DARWIN_NBBY)
   __DARWIN_NON_CANCELABLE=0
   __DARWIN_NO_LONG_LONG=(defined(__STRICT_ANSI__) && (__STDC_VERSION__-0 < 199901L) && !defined(__GNUG__))
   __DARWIN_NSIG=32
   __DARWIN_NULL=__null
   __DARWIN_ONLY_64_BIT_INO_T=0
   __DARWIN_ONLY_UNIX_CONFORMANCE=1
   __DARWIN_ONLY_VERS_1050=0
   __DARWIN_OSSwapConstInt16(x)=((__uint16_t)((((__uint16_t)(x) & 0xff00) >> 8) | (((__uint16_t)(x) & 0x00ff) << 8)))
   __DARWIN_OSSwapConstInt32(x)=((__uint32_t)((((__uint32_t)(x) & 0xff000000) >> 24) | (((__uint32_t)(x) & 0x00ff0000) >> 8) | (((__uint32_t)(x) & 0x0000ff00) << 8) | (((__uint32_t)(x) & 0x000000ff) << 24)))
   __DARWIN_OSSwapConstInt64(x)=((__uint64_t)((((__uint64_t)(x) & 0xff00000000000000ULL) >> 56) | (((__uint64_t)(x) & 0x00ff000000000000ULL) >> 40) | (((__uint64_t)(x) & 0x0000ff0000000000ULL) >> 24) | (((__uint64_t)(x) & 0x000000ff00000000ULL) >> 8) | (((__uint64_t)(x) & 0x00000000ff000000ULL) << 8) | (((__uint64_t)(x) & 0x0000000000ff0000ULL) << 24) | (((__uint64_t)(x) & 0x000000000000ff00ULL) << 40) | (((__uint64_t)(x) & 0x00000000000000ffULL) << 56)))
   __DARWIN_OSSwapInt16(x)=((__uint16_t)(__builtin_constant_p(x) ? __DARWIN_OSSwapConstInt16(x) : _OSSwapInt16(x)))
   __DARWIN_OSSwapInt32(x)=(__builtin_constant_p(x) ? __DARWIN_OSSwapConstInt32(x) : _OSSwapInt32(x))
   __DARWIN_OSSwapInt64(x)=(__builtin_constant_p(x) ? __DARWIN_OSSwapConstInt64(x) : _OSSwapInt64(x))
   __DARWIN_OS_INLINE=static inline
   __DARWIN_PDP_ENDIAN=3412
   __DARWIN_SUF_1050="$1050"
   __DARWIN_SUF_64_BIT_INO_T="$INODE64"
   __DARWIN_SUF_EXTSN="$DARWIN_EXTSN"
   __DARWIN_SUF_NON_CANCELABLE=
   __DARWIN_SUF_UNIX03=
   __DARWIN_UNIX03=1
   __DARWIN_VERS_1050=1
   __DARWIN_WCHAR_MAX=__WCHAR_MAX__
   __DARWIN_WCHAR_MIN=(-0x7fffffff - 1)
   __DARWIN_WEOF=((__darwin_wint_t)-1)
   __DATE__="Jun 27 2014"
   __dead2=__attribute__((__noreturn__))
   __dead=
   __deprecated=__attribute__((deprecated))
   __END_DECLS=}
   __extension__=
   __FILE__="file"
   __GLIBCXX__=20070719
   __GNUC_LIBSTD_MINOR__=2
   __GNUC_LIBSTD__=4
   __IDSTRING(name,string)=static const char name[] __used = string
   __ILP32_OFF32=(-1)
   __ILP32_OFFBIG=(-1)
   __imag__=(int)
   __inline=inline
   __INT_WCHAR_T_H=
   __IPHONE_2_0=20000
   __IPHONE_2_1=20100
   __IPHONE_2_2=20200
   __IPHONE_3_0=30000
   __IPHONE_3_1=30100
   __IPHONE_3_2=30200
   __IPHONE_4_0=40000
   __IPHONE_4_1=40100
   __IPHONE_4_2=40200
   __IPHONE_4_3=40300
   __IPHONE_NA=99999
   __LINE__=1
   __LP64_OFF64=(-1)
   __LP64_OFF64=(1)
   __LPBIG_OFFBIG=(-1)
   __LPBIG_OFFBIG=(1)
   __MAC_10_0=1000
   __MAC_10_1=1010
   __MAC_10_2=1020
   __MAC_10_3=1030
   __MAC_10_4=1040
   __MAC_10_5=1050
   __MAC_10_6=1060
   __MAC_10_7=1070
   __MAC_NA=9999
   __MAC_OS_X_VERSION_MAX_ALLOWED=__MAC_10_7
   __MAC_OS_X_VERSION_MIN_REQUIRED=__ENVIRONMENT_MAC_OS_X_VERSION_MIN_REQUIRED__
   __N(msgid)=(msgid)
   __need_fd_set=
   __need_mcontext_t=
   __need_stack_t=
   __need_struct_sigcontext=
   __need_struct_timespec=
   __need_struct_timeval=
   __need_ucontext_t=
   __null=0
   __offsetof(type,field)=((size_t)(&((type *)0)->field))
   __offsetof__(x)=(x)
   __OSX_AVAILABLE_BUT_DEPRECATED(_macIntro,_macDep,_iphoneIntro,_iphoneDep)=__AVAILABILITY_INTERNAL##_macIntro##_DEP##_macDep
   __OSX_AVAILABLE_STARTING(_mac,_iphone)=__AVAILABILITY_INTERNAL##_mac
   __P(protos)=protos
   __POSIX_C_DEPRECATED(ver)=___POSIX_C_DEPRECATED_STARTING_##ver
   __printflike(fmtarg,firstvararg)=__attribute__((__format__ (__printf__, fmtarg, firstvararg)))
   __PROJECT_VERSION(s)=__IDSTRING(project_version,s)
   __PTHREAD_ATTR_SIZE__=56
   __PTHREAD_CONDATTR_SIZE__=8
   __PTHREAD_COND_SIZE__=40
   __PTHREAD_MUTEXATTR_SIZE__=8
   __PTHREAD_MUTEX_SIZE__=56
   __PTHREAD_ONCE_SIZE__=8
   __PTHREAD_RWLOCKATTR_SIZE__=16
   __PTHREAD_RWLOCK_SIZE__=192
   __PTHREAD_SIZE__=1168
   __PTRDIFF_T=
   __pure2=__attribute__((__const__))
   __pure=
   __RCSID(s)=__IDSTRING(rcsid,s)
   __real__=(int)
   __restrict=
   __SALC=0x4000
   __SAPP=0x0100
   __scanflike(fmtarg,firstvararg)=__attribute__((__format__ (__scanf__, fmtarg, firstvararg)))
   __SCCSID(s)=__IDSTRING(sccsid,s)
   __sclearerr(p)=((void)((p)->_flags &= ~(__SERR|__SEOF)))
   __SEOF=0x0020
   __SERR=0x0040
   __sfeof(p)=(((p)->_flags & __SEOF) != 0)
   __sferror(p)=(((p)->_flags & __SERR) != 0)
   __sfileno(p)=((p)->_file)
   __sgetc(p)=(--(p)->_r < 0 ? __srget(p) : (int)(*(p)->_p++))
   __SIGN=0x8000
   __signed=signed
   __SIZE_T=
   __size_t__=
   __SLBF=0x0001
   __SMBF=0x0080
   __SMOD=0x2000
   __SNBF=0x0002
   __SNPT=0x0800
   __SOFF=0x1000
   __SOPT=0x0400
   __SRD=0x0004
   __SRW=0x0010
   __SSTR=0x0200
   __stdcall=
   __STDDEF_H__=
   __strfmonlike(fmtarg,firstvararg)=__attribute__((__format__ (__strfmon__, fmtarg, firstvararg)))
   __strftimelike(fmtarg)=__attribute__((__format__ (__strftime__, fmtarg, 0)))
   __STRING(x)=#x
   __SWR=0x0008
   __SYS_APPLEAPIOPTS_H__=
   __thread=
   __TIME__="01:07:59"
   __TYPES_H_=
   __unavailable=__attribute__((unavailable))
   __unused=__attribute__((__unused__))
   __used=__attribute__((__used__))
   __volatile=volatile
   __WCHAR_T=
   __wchar_t__=
   ___int_ptrdiff_t_h=
   ___int_size_t_h=
   ___int_wchar_t_h=
   ___POSIX_C_DEPRECATED_STARTING_198808L=
   ___POSIX_C_DEPRECATED_STARTING_199009L=
   ___POSIX_C_DEPRECATED_STARTING_199209L=
   ___POSIX_C_DEPRECATED_STARTING_199309L=
   ___POSIX_C_DEPRECATED_STARTING_199506L=
   ___POSIX_C_DEPRECATED_STARTING_200112L=
   ___POSIX_C_DEPRECATED_STARTING_200809L=

Macro definitions (from files actually parsed):

Unresolved includes (from headers in index):
   Unresolved inclusion: vecLib/vecLib.h in file file:/System/Library/Frameworks/Accelerate.framework/Versions/A/Headers/Accelerate.h
   Unresolved inclusion: vImage/vImage.h in file file:/System/Library/Frameworks/Accelerate.framework/Versions/A/Headers/Accelerate.h

Scanner problems:

Parser problems:

Unresolved names:
   Attempt to use symbol failed: vDSP_Length in file /Users/hongbodong/workspace/Research/newbnb/sdp-cuts/CDlogdet.cpp:50
   Attempt to use symbol failed: vDSP_vmulD in file /Users/hongbodong/workspace/Research/newbnb/sdp-cuts/CDlogdet.cpp:94
   Attempt to use symbol failed: vDSP_vmulD in file /Users/hongbodong/workspace/Research/newbnb/sdp-cuts/CDlogdet.cpp:95
   Attempt to use symbol failed: vDSP_vmaxD in file /Users/hongbodong/workspace/Research/newbnb/sdp-cuts/CDlogdet.cpp:96
   Attempt to use symbol failed: vDSP_sveD in file /Users/hongbodong/workspace/Research/newbnb/sdp-cuts/CDlogdet.cpp:97
   Attempt to use symbol failed: vDSP_vthresD in file /Users/hongbodong/workspace/Research/newbnb/sdp-cuts/CDlogdet.cpp:113
   Attempt to use symbol failed: vDSP_vnegD in file /Users/hongbodong/workspace/Research/newbnb/sdp-cuts/CDlogdet.cpp:116
   Attempt to use symbol failed: vDSP_vthresD in file /Users/hongbodong/workspace/Research/newbnb/sdp-cuts/CDlogdet.cpp:118
   Attempt to use symbol failed: vDSP_vnegD in file /Users/hongbodong/workspace/Research/newbnb/sdp-cuts/CDlogdet.cpp:126
   Attempt to use symbol failed: vDSP_vlimD in file /Users/hongbodong/workspace/Research/newbnb/sdp-cuts/CDlogdet.cpp:128
   Attempt to use symbol failed: vDSP_vsaddD in file /Users/hongbodong/workspace/Research/newbnb/sdp-cuts/CDlogdet.cpp:130
   Attempt to use symbol failed: vDSP_vsdivD in file /Users/hongbodong/workspace/Research/newbnb/sdp-cuts/CDlogdet.cpp:132
   Attempt to use symbol failed: vDSP_vlimD in file /Users/hongbodong/workspace/Research/newbnb/sdp-cuts/CDlogdet.cpp:137
   Attempt to use symbol failed: vDSP_vsaddD in file /Users/hongbodong/workspace/Research/newbnb/sdp-cuts/CDlogdet.cpp:139
   Attempt to use symbol failed: vDSP_vsdivD in file /Users/hongbodong/workspace/Research/newbnb/sdp-cuts/CDlogdet.cpp:141
   Attempt to use symbol failed: vDSP_vaddD in file /Users/hongbodong/workspace/Research/newbnb/sdp-cuts/CDlogdet.cpp:144
   Attempt to use symbol failed: vDSP_vsaddD in file /Users/hongbodong/workspace/Research/newbnb/sdp-cuts/CDlogdet.cpp:146
   Attempt to use symbol failed: vDSP_vnegD in file /Users/hongbodong/workspace/Research/newbnb/sdp-cuts/CDlogdet.cpp:147
   Attempt to use symbol failed: vDSP_vmmaD in file /Users/hongbodong/workspace/Research/newbnb/sdp-cuts/CDlogdet.cpp:150
   Attempt to use symbol failed: vDSP_vmaD in file /Users/hongbodong/workspace/Research/newbnb/sdp-cuts/CDlogdet.cpp:151
   Attempt to use symbol failed: vDSP_maxmgviD in file /Users/hongbodong/workspace/Research/newbnb/sdp-cuts/CDlogdet.cpp:154
   Attempt to use symbol failed: vDSP_vmulD in file /Users/hongbodong/workspace/Research/newbnb/sdp-cuts/CDlogdet.cpp:184
   Attempt to use symbol failed: vDSP_vmulD in file /Users/hongbodong/workspace/Research/newbnb/sdp-cuts/CDlogdet.cpp:185
   Attempt to use symbol failed: vDSP_vmaxD in file /Users/hongbodong/workspace/Research/newbnb/sdp-cuts/CDlogdet.cpp:186
   Attempt to use symbol failed: vDSP_sveD in file /Users/hongbodong/workspace/Research/newbnb/sdp-cuts/CDlogdet.cpp:187

Exceptions in name resolution:
